<?xml version="1.0" encoding="UTF-8"?>
<!-- Generated by org.testng.reporters.JUnitReportReporter -->
<testsuite hostname="BENSACHINB3" failures="0" tests="4" name="s1.HTTPRequests" time="4.763" errors="0" timestamp="2025-02-20T22:51:58 IST" skipped="0">
  <testcase classname="s1.HTTPRequests" name="getUser" time="3.162"/>
  <testcase classname="s1.HTTPRequests" name="createUser" time="0.740"/>
  <testcase classname="s1.HTTPRequests" name="updateUser" time="0.456"/>
  <testcase classname="s1.HTTPRequests" name="deleteUser" time="0.405"/>
</testsuite> <!-- s1.HTTPRequests -->
