<?xml version="1.0" encoding="UTF-8"?>
<!-- Generated by org.testng.reporters.JUnitReportReporter -->
<testsuite hostname="BENSACHINB3" failures="0" tests="1" name="s4.ParsingJSONResponseData" time="1.216" errors="0" timestamp="2025-03-01T00:35:30 IST" skipped="0">
  <testcase classname="s4.ParsingJSONResponseData" name="testJsonResponseBodyData" time="1.216"/>
</testsuite> <!-- s4.ParsingJSONResponseData -->
