<?xml version="1.0" encoding="UTF-8"?>
<!-- Generated by org.testng.reporters.JUnitReportReporter -->
<testsuite hostname="BENSACHINB3" failures="0" tests="1" name="s2.PostRequestWays" time="1.823" errors="0" timestamp="2025-02-27T10:25:33 IST" skipped="0">
  <testcase classname="s2.PostRequestWays" name="postTestUsingExternalJson" time="1.823"/>
</testsuite> <!-- s2.PostRequestWays -->
