<?xml version="1.0" encoding="UTF-8"?>
<!-- Generated by org.testng.reporters.JUnitReportReporter -->
<testsuite hostname="BENSACHINB3" failures="0" tests="1" name="s3.PathAndQueryParameters" time="2.160" errors="0" timestamp="2025-02-28T12:12:05 IST" skipped="0">
  <testcase classname="s3.PathAndQueryParameters" name="testQueryAndPathParam" time="2.160"/>
</testsuite> <!-- s3.PathAndQueryParameters -->
