<?xml version="1.0" encoding="UTF-8"?>
<!-- Generated by org.testng.reporters.JUnitReportReporter -->
<testsuite hostname="BENSACHINB3" failures="0" tests="1" name="s3.HeadersDemo" time="4.206" errors="0" timestamp="2025-02-28T19:04:54 IST" skipped="0">
  <testcase classname="s3.HeadersDemo" name="getHeaders" time="4.206"/>
</testsuite> <!-- s3.HeadersDemo -->
