<?xml version="1.0" encoding="UTF-8"?>
<!-- Generated by org.testng.reporters.JUnitReportReporter -->
<testsuite hostname="BENSACHINB3" failures="0" tests="1" name="s3.CookiesDemo" time="2.807" errors="0" timestamp="2025-02-28T13:48:05 IST" skipped="0">
  <testcase classname="s3.CookiesDemo" name="getCookiesInfo" time="2.807"/>
</testsuite> <!-- s3.CookiesDemo -->
