<?xml version="1.0" encoding="UTF-8"?>
<!-- Generated by org.testng.reporters.JUnitReportReporter -->
<testsuite hostname="BENSACHINB3" failures="0" tests="1" name="s3.LogTestDemo" time="2.316" errors="0" timestamp="2025-02-28T19:20:30 IST" skipped="0">
  <testcase classname="s3.LogTestDemo" name="testLogs" time="2.316"/>
</testsuite> <!-- s3.LogTestDemo -->
